<?xml version="1.0" encoding="UTF-8"?>
<testng-results ignored="0" total="2" passed="2" failed="0" skipped="0">
  <reporter-output>
  </reporter-output>
  <suite started-at="2021-06-27T01:29:36 EET" name="Default suite" finished-at="2021-06-27T01:29:41 EET" duration-ms="4935">
    <groups>
    </groups>
    <test started-at="2021-06-27T01:29:36 EET" name="Default test" finished-at="2021-06-27T01:29:41 EET" duration-ms="4935">
      <class name="Restful_API_Test.Test_Post">
        <test-method signature="Successful_registration()[pri:1, instance:Restful_API_Test.Test_Post@672872e1]" started-at="2021-06-27T01:29:36 EET" name="Successful_registration" finished-at="2021-06-27T01:29:41 EET" duration-ms="4501" status="PASS">
          <reporter-output>
          </reporter-output>
        </test-method> <!-- Successful_registration -->
        <test-method signature="UNSuccessful_registration()[pri:2, instance:Restful_API_Test.Test_Post@672872e1]" started-at="2021-06-27T01:29:41 EET" name="UNSuccessful_registration" finished-at="2021-06-27T01:29:41 EET" duration-ms="368" status="PASS">
          <reporter-output>
          </reporter-output>
        </test-method> <!-- UNSuccessful_registration -->
      </class> <!-- Restful_API_Test.Test_Post -->
    </test> <!-- Default test -->
  </suite> <!-- Default suite -->
</testng-results>
